[11836:13960:0614/053031.988:WARNING:chrome_main_delegate.cc(745)] This is Chrome version 128.0.6613.138 (not a warning)
[11836:19284:0614/053032.016:ERROR:google_update_settings.cc(265)] Failed opening key Software\Chromium to set usagestats; result: 5
[11836:13960:0614/053032.032:WARNING:account_consistency_mode_manager.cc(77)] Desktop Identity Consistency cannot be enabled as no OAuth client ID and client secret have been configured.
[7516:248:0614/053034.785:WARNING:frame_impl.cc(430)] virtual CefFrameImpl::SendProcessMessage sent to detached frame 5-5AED913ED1DD6A23C100E32D7A0ECC98 will be ignored
[11836:13212:0614/053035.280:WARNING:browser_info.cc(345)] Returning a speculative frame for [7,9]
[11836:13960:0614/053035.423:WARNING:browser_info.cc(345)] Returning a speculative frame for [8,9]
[11836:13960:0614/053035.423:WARNING:browser_info.cc(345)] Returning a speculative frame for [8,9]
[11836:13960:0614/053035.423:WARNING:browser_info.cc(345)] Returning a speculative frame for [8,9]
[11836:13960:0614/053035.423:WARNING:browser_info.cc(345)] Returning a speculative frame for [8,9]
[11836:13212:0614/053035.427:WARNING:browser_info.cc(345)] Returning a speculative frame for [8,9]
[16068:19884:0614/053037.416:WARNING:codec.cc(525)] Explicitly added H264 constrained baseline to list of supported formats.
[16068:19884:0614/053037.555:WARNING:codec.cc(525)] Explicitly added H264 constrained baseline to list of supported formats.
[16068:17140:0614/053037.564:WARNING:codec.cc(525)] Explicitly added H264 constrained baseline to list of supported formats.
[16068:17140:0614/053037.564:WARNING:codec.cc(525)] Explicitly added H264 constrained baseline to list of supported formats.
[16068:17140:0614/053037.565:WARNING:codec.cc(525)] Explicitly added H264 constrained baseline to list of supported formats.
[18224:9248:0614/053037.581:WARNING:host_resolver_dns_task.cc(863)] Address list empty after RFC3484 sort
[18224:9248:0614/053037.583:ERROR:socket_manager.cc(147)] Failed to resolve address for stun.cloudflare.com., errorcode: -105
[18224:9248:0614/053037.583:ERROR:socket_manager.cc(147)] Failed to resolve address for stun.cloudflare.com., errorcode: -105
[18224:9248:0614/053037.583:ERROR:socket_manager.cc(147)] Failed to resolve address for stun.cloudflare.com., errorcode: -105
[16068:17140:0614/053037.583:WARNING:stun_port.cc(442)] Port[4e63000:0:1:0:host:Net[any:0:0:0:x:x:x:x:x/0:Wildcard:id=0]]: StunPort: stun host lookup received error -1
[16068:17140:0614/053037.583:WARNING:stun_port.cc(442)] Port[4e63800:1:1:0:host:Net[any:0:0:0:x:x:x:x:x/0:Wildcard:id=0]]: StunPort: stun host lookup received error -1
[16068:17140:0614/053037.583:WARNING:stun_port.cc(442)] Port[4e63c00:2:1:0:host:Net[any:0:0:0:x:x:x:x:x/0:Wildcard:id=0]]: StunPort: stun host lookup received error -1
[19132:13172:0614/053242.404:ERROR:shared_image_manager.cc(224)] SharedImageManager::ProduceSkia: Trying to Produce a Skia representation from a non-existent mailbox.
[19132:13172:0614/053242.404:ERROR:shared_image_manager.cc(224)] SharedImageManager::ProduceSkia: Trying to Produce a Skia representation from a non-existent mailbox.
[11836:14424:0614/070149.939:WARNING:dns_config_service_win.cc(605)] Failed to read DnsConfig.
[18224:19616:0614/070149.944:WARNING:dns_config_service_win.cc(605)] Failed to read DnsConfig.
[11836:13960:0614/070151.410:ERROR:device_event_log_impl.cc(196)] [07:01:51.338] USB: usb_service_win.cc:105 SetupDiGetDeviceProperty({{A45C254E-DF1C-4EFD-8020-67D146A850E0}, 6}) failed: Элемент не найден. (0x490)
[11836:19284:0614/070154.941:WARNING:dns_config_service_win.cc(605)] Failed to read DnsConfig.
[18224:22356:0614/070154.953:WARNING:dns_config_service_win.cc(605)] Failed to read DnsConfig.
[11836:19284:0614/070204.945:WARNING:dns_config_service_win.cc(605)] Failed to read DnsConfig.
[18224:22356:0614/070204.968:WARNING:dns_config_service_win.cc(605)] Failed to read DnsConfig.
[18224:22356:0614/075844.913:WARNING:dns_config_service_win.cc(605)] Failed to read DnsConfig.
[11836:19284:0614/075844.913:WARNING:dns_config_service_win.cc(605)] Failed to read DnsConfig.
[18224:22356:0614/075844.926:WARNING:dns_config_service_win.cc(605)] Failed to read DnsConfig.
[11836:19284:0614/075844.931:WARNING:dns_config_service_win.cc(605)] Failed to read DnsConfig.
[11836:13960:0614/075846.209:ERROR:device_event_log_impl.cc(196)] [07:58:46.058] USB: usb_service_win.cc:105 SetupDiGetDeviceProperty({{A45C254E-DF1C-4EFD-8020-67D146A850E0}, 6}) failed: Элемент не найден. (0x490)
[11836:19284:0614/075849.933:WARNING:dns_config_service_win.cc(605)] Failed to read DnsConfig.
[18224:22356:0614/075849.941:WARNING:dns_config_service_win.cc(605)] Failed to read DnsConfig.
[11836:19284:0614/075859.936:WARNING:dns_config_service_win.cc(605)] Failed to read DnsConfig.
[18224:22356:0614/075859.953:WARNING:dns_config_service_win.cc(605)] Failed to read DnsConfig.
[11836:13960:0614/122519.576:ERROR:device_event_log_impl.cc(196)] [12:25:19.558] USB: usb_service_win.cc:105 SetupDiGetDeviceProperty({{A45C254E-DF1C-4EFD-8020-67D146A850E0}, 6}) failed: Элемент не найден. (0x490)
[18224:19616:0614/195029.975:WARNING:dns_config_service_win.cc(605)] Failed to read DnsConfig.
[11836:19284:0614/195029.982:WARNING:dns_config_service_win.cc(605)] Failed to read DnsConfig.
[11836:13960:0614/195034.759:ERROR:device_event_log_impl.cc(196)] [19:50:34.688] USB: usb_service_win.cc:105 SetupDiGetDeviceProperty({{A45C254E-DF1C-4EFD-8020-67D146A850E0}, 6}) failed: Элемент не найден. (0x490)
[11836:19284:0614/195035.231:WARNING:dns_config_service_win.cc(605)] Failed to read DnsConfig.
[18224:22356:0614/195035.244:WARNING:dns_config_service_win.cc(605)] Failed to read DnsConfig.
[11836:19284:0614/195045.234:WARNING:dns_config_service_win.cc(605)] Failed to read DnsConfig.
[18224:22356:0614/195045.262:WARNING:dns_config_service_win.cc(605)] Failed to read DnsConfig.
[11836:13960:0614/195234.314:ERROR:device_event_log_impl.cc(196)] [19:52:34.034] USB: usb_service_win.cc:105 SetupDiGetDeviceProperty({{A45C254E-DF1C-4EFD-8020-67D146A850E0}, 6}) failed: Элемент не найден. (0x490)
[11836:13960:0614/195523.264:ERROR:device_event_log_impl.cc(196)] [19:55:22.975] USB: usb_service_win.cc:105 SetupDiGetDeviceProperty({{A45C254E-DF1C-4EFD-8020-67D146A850E0}, 6}) failed: Элемент не найден. (0x490)
[11836:13960:0614/200150.753:ERROR:device_event_log_impl.cc(196)] [20:01:50.452] USB: usb_service_win.cc:105 SetupDiGetDeviceProperty({{A45C254E-DF1C-4EFD-8020-67D146A850E0}, 6}) failed: Элемент не найден. (0x490)
[18224:9248:0614/205112.226:ERROR:ssl_client_socket_impl.cc(882)] handshake failed; returned -1, SSL error code 1, net_error -101
[18224:9248:0614/205131.275:ERROR:ssl_client_socket_impl.cc(882)] handshake failed; returned -1, SSL error code 1, net_error -101
[18224:9248:0614/205408.258:ERROR:ssl_client_socket_impl.cc(882)] handshake failed; returned -1, SSL error code 1, net_error -101
[18224:9248:0614/205427.269:ERROR:ssl_client_socket_impl.cc(882)] handshake failed; returned -1, SSL error code 1, net_error -101
[11836:13960:0614/214939.650:ERROR:device_event_log_impl.cc(196)] [21:49:39.342] USB: usb_service_win.cc:105 SetupDiGetDeviceProperty({{A45C254E-DF1C-4EFD-8020-67D146A850E0}, 6}) failed: Элемент не найден. (0x490)
[18224:22356:0614/231529.646:WARNING:sqlite_persistent_store_backend_base.cc(198)] Failed to post task from FlushAndNotifyInBackground@net\extras\sqlite\sqlite_persistent_store_backend_base.cc:248 to client_task_runner_.
[11836:13960:0614/231529.730:WARNING:pref_notifier_impl.cc(41)] Pref observer for media_router.cast_allow_all_ips found at shutdown.
